     1                                  ;Author: Connor McDermid
     2                                  ;64-bit NASM program
     3                                  ;Compiled using asmlink program as well as
     4                                  ;nasm -felf64 helloworld.asm && ld helloworld.o
     5                                  
     6                                  global  main               ; global entry point export for ld
     7                                  
     8                                  section .text
     9                                  main:
    10                                    
    11 00000000 B801000000                  	mov	rax, 1          ; sys_write
    12 00000005 BF01000000                  	mov    	rdi, 1          ; stdout
    13 0000000A 48BE-                       	mov    	rsi, message    ; message address
    13 0000000C [0000000000000000] 
    14 00000014 BA13000000                  	mov    	rdx, length     ; message string length
    15 00000019 0F05                        	syscall
    16                                  ; program suspended waiting for write to terminal
    17                                  
    18 0000001B B801000000              	mov	rax, 1		; sys_write
    19 00000020 BF01000000              	mov	rdi, 1		; stdout
    20 00000025 48BE-                   	mov	rsi, goodbye	; message address
    20 00000027 [1300000000000000] 
    21 0000002F BA12000000              	mov 	rdx, gblen	; message length
    22 00000034 0F05                    	syscall
    23                                  ; program suspended waiting for write to terminal
    24                                  
    25 00000036 B801000000              	mov	rax, 1		; sys_write
    26 0000003B BF01000000              	mov	rdi, 1 		; stdout
    27 00000040 48BE-                   	mov	rsi, looney	; message address
    27 00000042 [2500000000000000] 
    28 0000004A BA16000000              	mov	rdx, looneylen	; message length
    29 0000004F 0F05                    	syscall
    30                                  ; program suspended waiting for write to terminal
    31                                   
    32 00000051 B83C000000                  	mov    	rax, 60         ; sys_exit
    33 00000056 4831FF                      	xor    	rdi, rdi        ; return 0 (success)
    34 00000059 0F05                        	syscall
    35                                  
    36                                  section .data
    37 00000000 0D0A48656C6C6F2C20-     message: db   	0Dh,0Ah,'Hello, World!',0Dh,0Ah,0Dh,0Ah   ; message and CRLF
    37 00000009 576F726C64210D0A0D-
    37 00000012 0A                 
    38                                  length:  equ  	$-message        ; NASM definition pseudo-instruction
    39 00000013 476F6F646279652057-     goodbye: db 	'Goodbye World!',0Dh,0Ah,0Dh,0Ah	; goodbye world message and CRLF
    39 0000001C 6F726C64210D0A0D0A 
    40                                  gblen: 	 equ 	$-goodbye	; length of goodbye
    41 00000025 54686174277320416C-     looney:  db 	"That's All, Folks!",0Dh,0Ah,0Dh,0Ah	; looney tunes farewell
    41 0000002E 6C2C20466F6C6B7321-
    41 00000037 0D0A0D0A           
    42                                  looneylen: equ 	$-looney		; looney tunes farewell length
